<?xml version="1.0" encoding="UTF-8"?>
<testsuite xmlns:xsi="http://www.w3.org/2001/XMLSchema-instance" xsi:noNamespaceSchemaLocation="https://maven.apache.org/surefire/maven-surefire-plugin/xsd/surefire-test-report-3.0.xsd" version="3.0" name="ec.edu.espol.SeccionB.EmployeeTest" time="0.081" tests="6" errors="0" skipped="0" failures="1">
  <properties>
[...]
</properties>
  <testcase name="testCalculateSalaryManager" classname="ec.edu.espol.SeccionB.EmployeeTest" time="0.039">
    <failure message="expected: &lt;1064.4033&gt; but was: &lt;1064.4734&gt;" type="org.opentest4j.AssertionFailedError"><![CDATA[org.opentest4j.AssertionFailedError: expected: <1064.4033> but was: <1064.4734>
	at org.junit.jupiter.api.AssertionFailureBuilder.build(AssertionFailureBuilder.java:151)
	at org.junit.jupiter.api.AssertionFailureBuilder.buildAndThrow(AssertionFailureBuilder.java:132)
	at org.junit.jupiter.api.AssertEquals.failNotEqual(AssertEquals.java:197)
	at org.junit.jupiter.api.AssertEquals.assertEquals(AssertEquals.java:102)
	at org.junit.jupiter.api.AssertEquals.assertEquals(AssertEquals.java:97)
	at org.junit.jupiter.api.Assertions.assertEquals(Assertions.java:735)
	at ec.edu.espol.SeccionB.EmployeeTest.testCalculateSalaryManager(EmployeeTest.java:42)
	at java.base/java.lang.reflect.Method.invoke(Method.java:580)
	at java.base/java.util.ArrayList.forEach(ArrayList.java:1597)
	at java.base/java.util.ArrayList.forEach(ArrayList.java:1597)
]]></failure>
  </testcase>
  <testcase name="testCalculateSalaryWorkerUSD" classname="ec.edu.espol.SeccionB.EmployeeTest" time="0.001"/>
  <testcase name="testCalculateYearBonusWorker" classname="ec.edu.espol.SeccionB.EmployeeTest" time="0.002"/>
  <testcase name="testCalculateSalarySupervisorOther" classname="ec.edu.espol.SeccionB.EmployeeTest" time="0.001"/>
  <testcase name="testCalculateYearBonusManagerUSD" classname="ec.edu.espol.SeccionB.EmployeeTest" time="0.001"/>
  <testcase name="testCalculateYearBonusSupervisor" classname="ec.edu.espol.SeccionB.EmployeeTest" time="0.001"/>
</testsuite>